jul. 29, 2025 8:52:35 P. M. null
WARNING: Access denied for user 'RUTH'@'localhost' (using password: YES)
    
com.mysql.jdbc.SQLError.createSQLException(SQLError.java:1074)
	com.mysql.jdbc.MysqlIO.checkErrorPacket(MysqlIO.java:4120)
	com.mysql.jdbc.MysqlIO.checkErrorPacket(MysqlIO.java:4052)
	com.mysql.jdbc.MysqlIO.checkErrorPacket(MysqlIO.java:925)
	com.mysql.jdbc.MysqlIO.proceedHandshakeWithPluggableAuthentication(MysqlIO.java:1704)
	com.mysql.jdbc.MysqlIO.doHandshake(MysqlIO.java:1250)
	com.mysql.jdbc.ConnectionImpl.coreConnect(ConnectionImpl.java:2465)
	com.mysql.jdbc.ConnectionImpl.connectOneTryOnly(ConnectionImpl.java:2498)
	com.mysql.jdbc.ConnectionImpl.createNewIO(ConnectionImpl.java:2283)
	com.mysql.jdbc.ConnectionImpl.<init>(ConnectionImpl.java:822)
	com.mysql.jdbc.JDBC4Connection.<init>(JDBC4Connection.java:47)
	java.base/jdk.internal.reflect.NativeConstructorAccessorImpl.newInstance0(Native Method)
	java.base/jdk.internal.reflect.NativeConstructorAccessorImpl.newInstance(NativeConstructorAccessorImpl.java:77)
	java.base/jdk.internal.reflect.DelegatingConstructorAccessorImpl.newInstance(DelegatingConstructorAccessorImpl.java:45)
	java.base/java.lang.reflect.Constructor.newInstanceWithCaller(Constructor.java:499)
	java.base/java.lang.reflect.Constructor.newInstance(Constructor.java:480)
	com.mysql.jdbc.Util.handleNewInstance(Util.java:411)
	com.mysql.jdbc.ConnectionImpl.getInstance(ConnectionImpl.java:404)
	com.mysql.jdbc.NonRegisteringDriver.connect(NonRegisteringDriver.java:317)
	java.sql/java.sql.DriverManager.getConnection(DriverManager.java:681)
	java.sql/java.sql.DriverManager.getConnection(DriverManager.java:229)
	utilidadesConexion.DatabaseConnection.abrirConexion(DatabaseConnection.java:75)
	a1Login.LoginEntidad.buscarUsuario(LoginEntidad.java:19)
	a1Login.LoginForm.actionPerformed(LoginForm.java:280)
	java.desktop/javax.swing.AbstractButton.fireActionPerformed(AbstractButton.java:1972)
	java.desktop/javax.swing.AbstractButton$Handler.actionPerformed(AbstractButton.java:2313)
	java.desktop/javax.swing.DefaultButtonModel.fireActionPerformed(DefaultButtonModel.java:405)
	java.desktop/javax.swing.DefaultButtonModel.setPressed(DefaultButtonModel.java:262)
	java.desktop/javax.swing.plaf.basic.BasicButtonListener.mouseReleased(BasicButtonListener.java:279)
	java.desktop/java.awt.AWTEventMulticaster.mouseReleased(AWTEventMulticaster.java:297)
	java.desktop/java.awt.Component.processMouseEvent(Component.java:6626)
	java.desktop/javax.swing.JComponent.processMouseEvent(JComponent.java:3389)
	java.desktop/java.awt.Component.processEvent(Component.java:6391)
	java.desktop/java.awt.Container.processEvent(Container.java:2266)
	java.desktop/java.awt.Component.dispatchEventImpl(Component.java:5001)
	java.desktop/java.awt.Container.dispatchEventImpl(Container.java:2324)
	java.desktop/java.awt.Component.dispatchEvent(Component.java:4833)
	java.desktop/java.awt.LightweightDispatcher.retargetMouseEvent(Container.java:4948)
	java.desktop/java.awt.LightweightDispatcher.processMouseEvent(Container.java:4575)
	java.desktop/java.awt.LightweightDispatcher.dispatchEvent(Container.java:4516)
	java.desktop/java.awt.Container.dispatchEventImpl(Container.java:2310)
	java.desktop/java.awt.Window.dispatchEventImpl(Window.java:2780)
	java.desktop/java.awt.Component.dispatchEvent(Component.java:4833)
	java.desktop/java.awt.EventQueue.dispatchEventImpl(EventQueue.java:773)
	java.desktop/java.awt.EventQueue$4.run(EventQueue.java:722)
	java.desktop/java.awt.EventQueue$4.run(EventQueue.java:716)
	java.base/java.security.AccessController.doPrivileged(AccessController.java:399)
	java.base/java.security.ProtectionDomain$JavaSecurityAccessImpl.doIntersectionPrivilege(ProtectionDomain.java:86)
	java.base/java.security.ProtectionDomain$JavaSecurityAccessImpl.doIntersectionPrivilege(ProtectionDomain.java:97)
	java.desktop/java.awt.EventQueue$5.run(EventQueue.java:746)
	java.desktop/java.awt.EventQueue$5.run(EventQueue.java:744)
	java.base/java.security.AccessController.doPrivileged(AccessController.java:399)
	java.base/java.security.ProtectionDomain$JavaSecurityAccessImpl.doIntersectionPrivilege(ProtectionDomain.java:86)
	java.desktop/java.awt.EventQueue.dispatchEvent(EventQueue.java:743)
	java.desktop/java.awt.EventDispatchThread.pumpOneEventForFilters(EventDispatchThread.java:203)
	java.desktop/java.awt.EventDispatchThread.pumpEventsForFilter(EventDispatchThread.java:124)
	java.desktop/java.awt.EventDispatchThread.pumpEventsForHierarchy(EventDispatchThread.java:113)
	java.desktop/java.awt.EventDispatchThread.pumpEvents(EventDispatchThread.java:109)
	java.desktop/java.awt.EventDispatchThread.pumpEvents(EventDispatchThread.java:101)
	java.desktop/java.awt.EventDispatchThread.run(EventDispatchThread.java:90)
	
